ERROR - 2022-12-30 03:56:50 --> mysqli_sql_exception: Table 'Api.users' doesn't exist in /home/riyant/Devolopment/learning/ci/api/vendor/codeigniter4/framework/system/Database/MySQLi/Connection.php:292
Stack trace:
#0 /home/riyant/Devolopment/learning/ci/api/vendor/codeigniter4/framework/system/Database/MySQLi/Connection.php(292): mysqli->query()
#1 /home/riyant/Devolopment/learning/ci/api/vendor/codeigniter4/framework/system/Database/BaseConnection.php(666): CodeIgniter\Database\MySQLi\Connection->execute()
#2 /home/riyant/Devolopment/learning/ci/api/vendor/codeigniter4/framework/system/Database/BaseConnection.php(593): CodeIgniter\Database\BaseConnection->simpleQuery()
#3 /home/riyant/Devolopment/learning/ci/api/vendor/codeigniter4/framework/system/Database/BaseBuilder.php(1916): CodeIgniter\Database\BaseConnection->query()
#4 /home/riyant/Devolopment/learning/ci/api/app/Database/Seeds/StudentSeeder.php(29): CodeIgniter\Database\BaseBuilder->insert()
#5 /home/riyant/Devolopment/learning/ci/api/vendor/codeigniter4/framework/system/Database/Seeder.php(146): App\Database\Seeds\StudentSeeder->run()
#6 /home/riyant/Devolopment/learning/ci/api/vendor/codeigniter4/framework/system/Commands/Database/Seed.php(77): CodeIgniter\Database\Seeder->call()
#7 /home/riyant/Devolopment/learning/ci/api/vendor/codeigniter4/framework/system/CLI/Commands.php(63): CodeIgniter\Commands\Database\Seed->run()
#8 /home/riyant/Devolopment/learning/ci/api/vendor/codeigniter4/framework/system/CLI/CommandRunner.php(65): CodeIgniter\CLI\Commands->run()
#9 /home/riyant/Devolopment/learning/ci/api/vendor/codeigniter4/framework/system/CLI/CommandRunner.php(51): CodeIgniter\CLI\CommandRunner->index()
#10 /home/riyant/Devolopment/learning/ci/api/vendor/codeigniter4/framework/system/CodeIgniter.php(918): CodeIgniter\CLI\CommandRunner->_remap()
#11 /home/riyant/Devolopment/learning/ci/api/vendor/codeigniter4/framework/system/CodeIgniter.php(480): CodeIgniter\CodeIgniter->runController()
#12 /home/riyant/Devolopment/learning/ci/api/vendor/codeigniter4/framework/system/CodeIgniter.php(345): CodeIgniter\CodeIgniter->handleRequest()
#13 /home/riyant/Devolopment/learning/ci/api/vendor/codeigniter4/framework/system/CLI/Console.php(48): CodeIgniter\CodeIgniter->run()
#14 /home/riyant/Devolopment/learning/ci/api/spark(98): CodeIgniter\CLI\Console->run()
#15 {main}
ERROR - 2022-12-30 03:57:54 --> mysqli_sql_exception: Table 'Api.users' doesn't exist in /home/riyant/Devolopment/learning/ci/api/vendor/codeigniter4/framework/system/Database/MySQLi/Connection.php:292
Stack trace:
#0 /home/riyant/Devolopment/learning/ci/api/vendor/codeigniter4/framework/system/Database/MySQLi/Connection.php(292): mysqli->query()
#1 /home/riyant/Devolopment/learning/ci/api/vendor/codeigniter4/framework/system/Database/BaseConnection.php(666): CodeIgniter\Database\MySQLi\Connection->execute()
#2 /home/riyant/Devolopment/learning/ci/api/vendor/codeigniter4/framework/system/Database/BaseConnection.php(593): CodeIgniter\Database\BaseConnection->simpleQuery()
#3 /home/riyant/Devolopment/learning/ci/api/vendor/codeigniter4/framework/system/Database/BaseBuilder.php(1916): CodeIgniter\Database\BaseConnection->query()
#4 /home/riyant/Devolopment/learning/ci/api/app/Database/Seeds/StudentSeeder.php(29): CodeIgniter\Database\BaseBuilder->insert()
#5 /home/riyant/Devolopment/learning/ci/api/vendor/codeigniter4/framework/system/Database/Seeder.php(146): App\Database\Seeds\StudentSeeder->run()
#6 /home/riyant/Devolopment/learning/ci/api/vendor/codeigniter4/framework/system/Commands/Database/Seed.php(77): CodeIgniter\Database\Seeder->call()
#7 /home/riyant/Devolopment/learning/ci/api/vendor/codeigniter4/framework/system/CLI/Commands.php(63): CodeIgniter\Commands\Database\Seed->run()
#8 /home/riyant/Devolopment/learning/ci/api/vendor/codeigniter4/framework/system/CLI/CommandRunner.php(65): CodeIgniter\CLI\Commands->run()
#9 /home/riyant/Devolopment/learning/ci/api/vendor/codeigniter4/framework/system/CLI/CommandRunner.php(51): CodeIgniter\CLI\CommandRunner->index()
#10 /home/riyant/Devolopment/learning/ci/api/vendor/codeigniter4/framework/system/CodeIgniter.php(918): CodeIgniter\CLI\CommandRunner->_remap()
#11 /home/riyant/Devolopment/learning/ci/api/vendor/codeigniter4/framework/system/CodeIgniter.php(480): CodeIgniter\CodeIgniter->runController()
#12 /home/riyant/Devolopment/learning/ci/api/vendor/codeigniter4/framework/system/CodeIgniter.php(345): CodeIgniter\CodeIgniter->handleRequest()
#13 /home/riyant/Devolopment/learning/ci/api/vendor/codeigniter4/framework/system/CLI/Console.php(48): CodeIgniter\CodeIgniter->run()
#14 /home/riyant/Devolopment/learning/ci/api/spark(98): CodeIgniter\CLI\Console->run()
#15 {main}
CRITICAL - 2022-12-30 04:46:10 --> Call to undefined method App\Models\StudentModel::fiest
in SYSTEMPATH/Model.php on line 807.
 1 APPPATH/Controllers/Student.php(24): CodeIgniter\Model->__call()
 2 SYSTEMPATH/CodeIgniter.php(925): App\Controllers\Student->detail()
 3 SYSTEMPATH/CodeIgniter.php(480): CodeIgniter\CodeIgniter->runController()
 4 SYSTEMPATH/CodeIgniter.php(349): CodeIgniter\CodeIgniter->handleRequest()
 5 FCPATH/index.php(67): CodeIgniter\CodeIgniter->run()
 6 SYSTEMPATH/Commands/Server/rewrite.php(47): require_once('FCPATH/index.php')
CRITICAL - 2022-12-30 08:01:55 --> There is no data to update.
in SYSTEMPATH/BaseModel.php on line 1600.
 1 SYSTEMPATH/BaseModel.php(1600): CodeIgniter\Database\Exceptions\DataException::forEmptyDataset()
 2 SYSTEMPATH/BaseModel.php(854): CodeIgniter\BaseModel->transformDataToArray()
 3 SYSTEMPATH/Model.php(721): CodeIgniter\BaseModel->update()
 4 APPPATH/Controllers/Student.php(39): CodeIgniter\Model->update()
 5 SYSTEMPATH/CodeIgniter.php(925): App\Controllers\Student->update()
 6 SYSTEMPATH/CodeIgniter.php(480): CodeIgniter\CodeIgniter->runController()
 7 SYSTEMPATH/CodeIgniter.php(349): CodeIgniter\CodeIgniter->handleRequest()
 8 FCPATH/index.php(67): CodeIgniter\CodeIgniter->run()
 9 SYSTEMPATH/Commands/Server/rewrite.php(47): require_once('FCPATH/index.php')
CRITICAL - 2022-12-30 08:02:06 --> There is no data to update.
in SYSTEMPATH/BaseModel.php on line 1600.
 1 SYSTEMPATH/BaseModel.php(1600): CodeIgniter\Database\Exceptions\DataException::forEmptyDataset()
 2 SYSTEMPATH/BaseModel.php(854): CodeIgniter\BaseModel->transformDataToArray()
 3 SYSTEMPATH/Model.php(721): CodeIgniter\BaseModel->update()
 4 APPPATH/Controllers/Student.php(39): CodeIgniter\Model->update()
 5 SYSTEMPATH/CodeIgniter.php(925): App\Controllers\Student->update()
 6 SYSTEMPATH/CodeIgniter.php(480): CodeIgniter\CodeIgniter->runController()
 7 SYSTEMPATH/CodeIgniter.php(349): CodeIgniter\CodeIgniter->handleRequest()
 8 FCPATH/index.php(67): CodeIgniter\CodeIgniter->run()
 9 SYSTEMPATH/Commands/Server/rewrite.php(47): require_once('FCPATH/index.php')
CRITICAL - 2022-12-30 08:02:36 --> There is no data to update.
in SYSTEMPATH/BaseModel.php on line 1600.
 1 SYSTEMPATH/BaseModel.php(1600): CodeIgniter\Database\Exceptions\DataException::forEmptyDataset()
 2 SYSTEMPATH/BaseModel.php(854): CodeIgniter\BaseModel->transformDataToArray()
 3 SYSTEMPATH/Model.php(721): CodeIgniter\BaseModel->update()
 4 APPPATH/Controllers/Student.php(39): CodeIgniter\Model->update()
 5 SYSTEMPATH/CodeIgniter.php(925): App\Controllers\Student->update()
 6 SYSTEMPATH/CodeIgniter.php(480): CodeIgniter\CodeIgniter->runController()
 7 SYSTEMPATH/CodeIgniter.php(349): CodeIgniter\CodeIgniter->handleRequest()
 8 FCPATH/index.php(67): CodeIgniter\CodeIgniter->run()
 9 SYSTEMPATH/Commands/Server/rewrite.php(47): require_once('FCPATH/index.php')
CRITICAL - 2022-12-30 08:02:37 --> There is no data to update.
in SYSTEMPATH/BaseModel.php on line 1600.
 1 SYSTEMPATH/BaseModel.php(1600): CodeIgniter\Database\Exceptions\DataException::forEmptyDataset()
 2 SYSTEMPATH/BaseModel.php(854): CodeIgniter\BaseModel->transformDataToArray()
 3 SYSTEMPATH/Model.php(721): CodeIgniter\BaseModel->update()
 4 APPPATH/Controllers/Student.php(39): CodeIgniter\Model->update()
 5 SYSTEMPATH/CodeIgniter.php(925): App\Controllers\Student->update()
 6 SYSTEMPATH/CodeIgniter.php(480): CodeIgniter\CodeIgniter->runController()
 7 SYSTEMPATH/CodeIgniter.php(349): CodeIgniter\CodeIgniter->handleRequest()
 8 FCPATH/index.php(67): CodeIgniter\CodeIgniter->run()
 9 SYSTEMPATH/Commands/Server/rewrite.php(47): require_once('FCPATH/index.php')
CRITICAL - 2022-12-30 08:02:43 --> There is no data to update.
in SYSTEMPATH/BaseModel.php on line 1600.
 1 SYSTEMPATH/BaseModel.php(1600): CodeIgniter\Database\Exceptions\DataException::forEmptyDataset()
 2 SYSTEMPATH/BaseModel.php(854): CodeIgniter\BaseModel->transformDataToArray()
 3 SYSTEMPATH/Model.php(721): CodeIgniter\BaseModel->update()
 4 APPPATH/Controllers/Student.php(39): CodeIgniter\Model->update()
 5 SYSTEMPATH/CodeIgniter.php(925): App\Controllers\Student->update()
 6 SYSTEMPATH/CodeIgniter.php(480): CodeIgniter\CodeIgniter->runController()
 7 SYSTEMPATH/CodeIgniter.php(349): CodeIgniter\CodeIgniter->handleRequest()
 8 FCPATH/index.php(67): CodeIgniter\CodeIgniter->run()
 9 SYSTEMPATH/Commands/Server/rewrite.php(47): require_once('FCPATH/index.php')
CRITICAL - 2022-12-30 08:05:05 --> There is no data to update.
in SYSTEMPATH/BaseModel.php on line 1600.
 1 SYSTEMPATH/BaseModel.php(1600): CodeIgniter\Database\Exceptions\DataException::forEmptyDataset()
 2 SYSTEMPATH/BaseModel.php(854): CodeIgniter\BaseModel->transformDataToArray()
 3 SYSTEMPATH/Model.php(721): CodeIgniter\BaseModel->update()
 4 APPPATH/Controllers/Student.php(39): CodeIgniter\Model->update()
 5 SYSTEMPATH/CodeIgniter.php(925): App\Controllers\Student->update()
 6 SYSTEMPATH/CodeIgniter.php(480): CodeIgniter\CodeIgniter->runController()
 7 SYSTEMPATH/CodeIgniter.php(349): CodeIgniter\CodeIgniter->handleRequest()
 8 FCPATH/index.php(67): CodeIgniter\CodeIgniter->run()
 9 SYSTEMPATH/Commands/Server/rewrite.php(47): require_once('FCPATH/index.php')
